0 info it worked if it ends with ok
1 verbose cli [ '/opt/local/bin/node',
1 verbose cli   '/opt/local/bin/npm',
1 verbose cli   'install',
1 verbose cli   'debugger' ]
2 info using npm@1.4.4
3 info using node@v0.10.26
4 warn package.json loltinder@0.0.1 No description
5 warn package.json loltinder@0.0.1 No repository field.
6 verbose readDependencies using package.json deps
7 verbose cache add [ 'debugger', null ]
8 verbose cache add name=undefined spec="debugger" args=["debugger",null]
9 verbose parsed url { protocol: null,
9 verbose parsed url   slashes: null,
9 verbose parsed url   auth: null,
9 verbose parsed url   host: null,
9 verbose parsed url   port: null,
9 verbose parsed url   hostname: null,
9 verbose parsed url   hash: null,
9 verbose parsed url   search: null,
9 verbose parsed url   query: null,
9 verbose parsed url   pathname: 'debugger',
9 verbose parsed url   path: 'debugger',
9 verbose parsed url   href: 'debugger' }
10 silly lockFile 5fbd0224-debugger debugger
11 verbose lock debugger /Users/gregg/.npm/5fbd0224-debugger.lock
12 silly lockFile 5fbd0224-debugger debugger
13 silly lockFile 5fbd0224-debugger debugger
14 verbose addNamed [ 'debugger', '' ]
15 verbose addNamed [ null, '*' ]
16 silly lockFile 39562f7d-debugger debugger@
17 verbose lock debugger@ /Users/gregg/.npm/39562f7d-debugger.lock
18 silly addNameRange { name: 'debugger', range: '*', hasData: false }
19 verbose url raw debugger
20 verbose url resolving [ 'https://registry.npmjs.org/', './debugger' ]
21 verbose url resolved https://registry.npmjs.org/debugger
22 info trying registry request attempt 1 at 16:31:38
23 http GET https://registry.npmjs.org/debugger
24 http 200 https://registry.npmjs.org/debugger
25 silly registry.get cb [ 200,
25 silly registry.get   { date: 'Fri, 15 Aug 2014 23:31:40 GMT',
25 silly registry.get     server: 'CouchDB/1.5.0 (Erlang OTP/R14B04)',
25 silly registry.get     etag: '"42VTNQNN4K4H31CNG6N9VC2WX"',
25 silly registry.get     'content-type': 'application/json',
25 silly registry.get     'cache-control': 'max-age=60',
25 silly registry.get     'content-length': '1316',
25 silly registry.get     'accept-ranges': 'bytes',
25 silly registry.get     via: '1.1 varnish',
25 silly registry.get     age: '0',
25 silly registry.get     'x-served-by': 'cache-sjc3124-SJC',
25 silly registry.get     'x-cache': 'MISS',
25 silly registry.get     'x-cache-hits': '0',
25 silly registry.get     'x-timer': 'S1408145499.903838,VS0,VE101',
25 silly registry.get     vary: 'Accept',
25 silly registry.get     'keep-alive': 'timeout=10, max=50',
25 silly registry.get     connection: 'Keep-Alive' } ]
26 silly addNameRange number 2 { name: 'debugger', range: '*', hasData: true }
27 silly addNameRange versions [ 'debugger', [ '0.0.1' ] ]
28 verbose addNamed [ 'debugger', '0.0.1' ]
29 verbose addNamed [ '0.0.1', '0.0.1' ]
30 silly lockFile 9ee98e34-debugger-0-0-1 debugger@0.0.1
31 verbose lock debugger@0.0.1 /Users/gregg/.npm/9ee98e34-debugger-0-0-1.lock
32 silly lockFile 19e63b5c--org-debugger-debugger-0-0-1-tgz https://registry.npmjs.org/debugger/-/debugger-0.0.1.tgz
33 verbose lock https://registry.npmjs.org/debugger/-/debugger-0.0.1.tgz /Users/gregg/.npm/19e63b5c--org-debugger-debugger-0-0-1-tgz.lock
34 verbose addRemoteTarball [ 'https://registry.npmjs.org/debugger/-/debugger-0.0.1.tgz',
34 verbose addRemoteTarball   'ceedd094bb5e203bb534fd74a33132dfb7a73787' ]
35 info retry fetch attempt 1 at 16:31:40
36 verbose fetch to= /Users/gregg/tmp/npm-602-ZZOz08yA/1408145500024-0.08774913591332734/tmp.tgz
37 http GET https://registry.npmjs.org/debugger/-/debugger-0.0.1.tgz
38 http 200 https://registry.npmjs.org/debugger/-/debugger-0.0.1.tgz
39 verbose tar unpack /Users/gregg/tmp/npm-602-ZZOz08yA/1408145500024-0.08774913591332734/tmp.tgz
40 silly lockFile 1bfe6138-0024-0-08774913591332734-package tar:///Users/gregg/tmp/npm-602-ZZOz08yA/1408145500024-0.08774913591332734/package
41 verbose lock tar:///Users/gregg/tmp/npm-602-ZZOz08yA/1408145500024-0.08774913591332734/package /Users/gregg/.npm/1bfe6138-0024-0-08774913591332734-package.lock
42 silly lockFile 97f311eb-0024-0-08774913591332734-tmp-tgz tar:///Users/gregg/tmp/npm-602-ZZOz08yA/1408145500024-0.08774913591332734/tmp.tgz
43 verbose lock tar:///Users/gregg/tmp/npm-602-ZZOz08yA/1408145500024-0.08774913591332734/tmp.tgz /Users/gregg/.npm/97f311eb-0024-0-08774913591332734-tmp-tgz.lock
44 silly gunzTarPerm modes [ '755', '644' ]
45 silly gunzTarPerm extractEntry .npmignore
46 silly gunzTarPerm extractEntry debugger.js
47 silly gunzTarPerm extractEntry Makefile
48 silly gunzTarPerm extractEntry package.json
49 silly gunzTarPerm extractEntry README.md
50 silly gunzTarPerm extractEntry spec/
51 silly gunzTarPerm extractEntry spec/debugger.spec.js
52 silly gunzTarPerm extractEntry src/
53 silly gunzTarPerm extractEntry src/bindings.cc
54 silly gunzTarPerm extractEntry src/debugger.cc
55 silly gunzTarPerm extractEntry src/debugger.h
56 silly gunzTarPerm extractEntry src/wscript
57 silly gunzTarPerm extractEntry wscript
58 silly lockFile 1bfe6138-0024-0-08774913591332734-package tar:///Users/gregg/tmp/npm-602-ZZOz08yA/1408145500024-0.08774913591332734/package
59 silly lockFile 1bfe6138-0024-0-08774913591332734-package tar:///Users/gregg/tmp/npm-602-ZZOz08yA/1408145500024-0.08774913591332734/package
60 silly lockFile 97f311eb-0024-0-08774913591332734-tmp-tgz tar:///Users/gregg/tmp/npm-602-ZZOz08yA/1408145500024-0.08774913591332734/tmp.tgz
61 silly lockFile 97f311eb-0024-0-08774913591332734-tmp-tgz tar:///Users/gregg/tmp/npm-602-ZZOz08yA/1408145500024-0.08774913591332734/tmp.tgz
62 verbose tar pack [ '/Users/gregg/.npm/debugger/0.0.1/package.tgz',
62 verbose tar pack   '/Users/gregg/tmp/npm-602-ZZOz08yA/1408145500024-0.08774913591332734/package' ]
63 verbose tarball /Users/gregg/.npm/debugger/0.0.1/package.tgz
64 verbose folder /Users/gregg/tmp/npm-602-ZZOz08yA/1408145500024-0.08774913591332734/package
65 silly lockFile 1bfe6138-0024-0-08774913591332734-package tar:///Users/gregg/tmp/npm-602-ZZOz08yA/1408145500024-0.08774913591332734/package
66 verbose lock tar:///Users/gregg/tmp/npm-602-ZZOz08yA/1408145500024-0.08774913591332734/package /Users/gregg/.npm/1bfe6138-0024-0-08774913591332734-package.lock
67 silly lockFile 4ee80acc-g-npm-debugger-0-0-1-package-tgz tar:///Users/gregg/.npm/debugger/0.0.1/package.tgz
68 verbose lock tar:///Users/gregg/.npm/debugger/0.0.1/package.tgz /Users/gregg/.npm/4ee80acc-g-npm-debugger-0-0-1-package-tgz.lock
69 silly lockFile 1bfe6138-0024-0-08774913591332734-package tar:///Users/gregg/tmp/npm-602-ZZOz08yA/1408145500024-0.08774913591332734/package
70 silly lockFile 1bfe6138-0024-0-08774913591332734-package tar:///Users/gregg/tmp/npm-602-ZZOz08yA/1408145500024-0.08774913591332734/package
71 silly lockFile 4ee80acc-g-npm-debugger-0-0-1-package-tgz tar:///Users/gregg/.npm/debugger/0.0.1/package.tgz
72 silly lockFile 4ee80acc-g-npm-debugger-0-0-1-package-tgz tar:///Users/gregg/.npm/debugger/0.0.1/package.tgz
73 silly lockFile fd206a4c-gregg-npm-debugger-0-0-1-package /Users/gregg/.npm/debugger/0.0.1/package
74 verbose lock /Users/gregg/.npm/debugger/0.0.1/package /Users/gregg/.npm/fd206a4c-gregg-npm-debugger-0-0-1-package.lock
75 silly lockFile fd206a4c-gregg-npm-debugger-0-0-1-package /Users/gregg/.npm/debugger/0.0.1/package
76 silly lockFile fd206a4c-gregg-npm-debugger-0-0-1-package /Users/gregg/.npm/debugger/0.0.1/package
77 verbose tar unpack /Users/gregg/.npm/debugger/0.0.1/package.tgz
78 silly lockFile 0487d076-gregg-npm-debugger-0-0-1-package tar:///Users/gregg/.npm/debugger/0.0.1/package
79 verbose lock tar:///Users/gregg/.npm/debugger/0.0.1/package /Users/gregg/.npm/0487d076-gregg-npm-debugger-0-0-1-package.lock
80 silly lockFile 4ee80acc-g-npm-debugger-0-0-1-package-tgz tar:///Users/gregg/.npm/debugger/0.0.1/package.tgz
81 verbose lock tar:///Users/gregg/.npm/debugger/0.0.1/package.tgz /Users/gregg/.npm/4ee80acc-g-npm-debugger-0-0-1-package-tgz.lock
82 silly gunzTarPerm modes [ '755', '644' ]
83 silly gunzTarPerm extractEntry package.json
84 silly gunzTarPerm extractEntry .npmignore
85 silly gunzTarPerm extractEntry README.md
86 silly gunzTarPerm extractEntry debugger.js
87 silly gunzTarPerm extractEntry Makefile
88 silly gunzTarPerm extractEntry spec/debugger.spec.js
89 silly gunzTarPerm extractEntry src/bindings.cc
90 silly gunzTarPerm extractEntry src/debugger.cc
91 silly gunzTarPerm extractEntry src/debugger.h
92 silly gunzTarPerm extractEntry src/wscript
93 silly gunzTarPerm extractEntry wscript
94 silly lockFile 0487d076-gregg-npm-debugger-0-0-1-package tar:///Users/gregg/.npm/debugger/0.0.1/package
95 silly lockFile 0487d076-gregg-npm-debugger-0-0-1-package tar:///Users/gregg/.npm/debugger/0.0.1/package
96 silly lockFile 4ee80acc-g-npm-debugger-0-0-1-package-tgz tar:///Users/gregg/.npm/debugger/0.0.1/package.tgz
97 silly lockFile 4ee80acc-g-npm-debugger-0-0-1-package-tgz tar:///Users/gregg/.npm/debugger/0.0.1/package.tgz
98 verbose chmod /Users/gregg/.npm/debugger/0.0.1/package.tgz 644
99 verbose chown /Users/gregg/.npm/debugger/0.0.1/package.tgz [ 0, 20 ]
100 silly lockFile 19e63b5c--org-debugger-debugger-0-0-1-tgz https://registry.npmjs.org/debugger/-/debugger-0.0.1.tgz
101 silly lockFile 19e63b5c--org-debugger-debugger-0-0-1-tgz https://registry.npmjs.org/debugger/-/debugger-0.0.1.tgz
102 silly lockFile 9ee98e34-debugger-0-0-1 debugger@0.0.1
103 silly lockFile 9ee98e34-debugger-0-0-1 debugger@0.0.1
104 silly lockFile 39562f7d-debugger debugger@
105 silly lockFile 39562f7d-debugger debugger@
106 silly resolved [ { name: 'debugger',
106 silly resolved     version: '0.0.1',
106 silly resolved     author: { name: 'Camilo Aguilar - http://github.com/c4milo' },
106 silly resolved     email: 'camilo@cloudescape.com',
106 silly resolved     description: 'v8 debug bindings for nodejs',
106 silly resolved     repositories: [ [Object] ],
106 silly resolved     devDependencies: { mocha: '0.14.1', should: '0.6.0' },
106 silly resolved     scripts: { install: 'make' },
106 silly resolved     main: './debugger.node',
106 silly resolved     readme: '**Work in Progress**\n',
106 silly resolved     readmeFilename: 'README.md',
106 silly resolved     repository:
106 silly resolved      { type: 'git',
106 silly resolved        url: 'http://github.com/c4milo/node-debugger.git' },
106 silly resolved     bugs: { url: 'https://github.com/c4milo/node-debugger/issues' },
106 silly resolved     homepage: 'https://github.com/c4milo/node-debugger',
106 silly resolved     _id: 'debugger@0.0.1',
106 silly resolved     dist: { shasum: 'ef2b93c78bd6e16d62ec6e41ced94045dc70801c' },
106 silly resolved     _from: 'debugger@',
106 silly resolved     _resolved: 'https://registry.npmjs.org/debugger/-/debugger-0.0.1.tgz' } ]
107 info install debugger@0.0.1 into /Users/gregg/Development/notinder
108 info installOne debugger@0.0.1
109 info /Users/gregg/Development/notinder/node_modules/debugger unbuild
110 verbose tar unpack /Users/gregg/.npm/debugger/0.0.1/package.tgz
111 silly lockFile c73fba04-t-notinder-node-modules-debugger tar:///Users/gregg/Development/notinder/node_modules/debugger
112 verbose lock tar:///Users/gregg/Development/notinder/node_modules/debugger /Users/gregg/.npm/c73fba04-t-notinder-node-modules-debugger.lock
113 silly lockFile 4ee80acc-g-npm-debugger-0-0-1-package-tgz tar:///Users/gregg/.npm/debugger/0.0.1/package.tgz
114 verbose lock tar:///Users/gregg/.npm/debugger/0.0.1/package.tgz /Users/gregg/.npm/4ee80acc-g-npm-debugger-0-0-1-package-tgz.lock
115 silly gunzTarPerm modes [ '755', '644' ]
116 silly gunzTarPerm extractEntry package.json
117 silly gunzTarPerm extractEntry .npmignore
118 silly gunzTarPerm extractEntry README.md
119 silly gunzTarPerm extractEntry debugger.js
120 silly gunzTarPerm extractEntry Makefile
121 silly gunzTarPerm extractEntry spec/debugger.spec.js
122 silly gunzTarPerm extractEntry src/bindings.cc
123 silly gunzTarPerm extractEntry src/debugger.cc
124 silly gunzTarPerm extractEntry src/debugger.h
125 silly gunzTarPerm extractEntry src/wscript
126 silly gunzTarPerm extractEntry wscript
127 silly lockFile c73fba04-t-notinder-node-modules-debugger tar:///Users/gregg/Development/notinder/node_modules/debugger
128 silly lockFile c73fba04-t-notinder-node-modules-debugger tar:///Users/gregg/Development/notinder/node_modules/debugger
129 silly lockFile 4ee80acc-g-npm-debugger-0-0-1-package-tgz tar:///Users/gregg/.npm/debugger/0.0.1/package.tgz
130 silly lockFile 4ee80acc-g-npm-debugger-0-0-1-package-tgz tar:///Users/gregg/.npm/debugger/0.0.1/package.tgz
131 info preinstall debugger@0.0.1
132 verbose readDependencies using package.json deps
133 verbose readDependencies using package.json deps
134 silly resolved []
135 verbose about to build /Users/gregg/Development/notinder/node_modules/debugger
136 info build /Users/gregg/Development/notinder/node_modules/debugger
137 verbose linkStuff [ false,
137 verbose linkStuff   false,
137 verbose linkStuff   false,
137 verbose linkStuff   '/Users/gregg/Development/notinder/node_modules' ]
138 info linkStuff debugger@0.0.1
139 verbose linkBins debugger@0.0.1
140 verbose linkMans debugger@0.0.1
141 verbose rebuildBundles debugger@0.0.1
142 info install debugger@0.0.1
143 verbose unsafe-perm in lifecycle false
144 info debugger@0.0.1 Failed to exec install script
145 info /Users/gregg/Development/notinder/node_modules/debugger unbuild
146 info preuninstall debugger@0.0.1
147 info uninstall debugger@0.0.1
148 verbose true,/Users/gregg/Development/notinder/node_modules,/Users/gregg/Development/notinder/node_modules unbuild debugger@0.0.1
149 info postuninstall debugger@0.0.1
150 error debugger@0.0.1 install: `make`
150 error Exit status 2
151 error Failed at the debugger@0.0.1 install script.
151 error This is most likely a problem with the debugger package,
151 error not with npm itself.
151 error Tell the author that this fails on your system:
151 error     make
151 error You can get their info via:
151 error     npm owner ls debugger
151 error There is likely additional logging output above.
152 error System Darwin 13.2.0
153 error command "/opt/local/bin/node" "/opt/local/bin/npm" "install" "debugger"
154 error cwd /Users/gregg/Development/notinder
155 error node -v v0.10.26
156 error npm -v 1.4.4
157 error code ELIFECYCLE
158 verbose exit [ 1, true ]
